/media/terakek/repos/bash/volumechange.sh: line 8: currentVol: command not found
/media/terakek/repos/bash/volumechange.sh: line 19: currentVol: command not found
/media/terakek/repos/bash/volumechange.sh: line 14: currentVol: command not found
/media/terakek/repos/bash/volumechange.sh: line 8: currentVol: command not found
Volume: 1.00
/media/terakek/repos/bash/volumechange.sh: line 9: currentVol: command not found
/media/terakek/repos/bash/volumechange.sh: line 20: currentVol: command not found
/media/terakek/repos/bash/volumechange.sh: line 15: currentVol: command not found
Volume: 1.00
/media/terakek/repos/bash/volumechange.sh: line 9: currentVol: command not found
/media/terakek/repos/bash/volumechange.sh: line 20: currentVol: command not found
/media/terakek/repos/bash/volumechange.sh: line 15: currentVol: command not found
Volume: 1.00
/media/terakek/repos/bash/volumechange.sh: line 9: currentVol: command not found
/media/terakek/repos/bash/volumechange.sh: line 20: currentVol: command not found
Volume: 1.00
/media/terakek/repos/bash/volumechange.sh: line 9: currentVol: command not found
/media/terakek/repos/bash/volumechange.sh: line 15: currentVol: command not found
/media/terakek/repos/bash/volumechange.sh: line 20: currentVol: command not found
Volume: 1.00
/media/terakek/repos/bash/volumechange.sh: line 9: currentVol: command not found
Volume: 1.00
/media/terakek/repos/bash/volumechange.sh: line 9: currentVol: command not found
/media/terakek/repos/bash/volumechange.sh: line 20: currentVol: command not found
Volume: 1.00
/media/terakek/repos/bash/volumechange.sh: line 9: currentVol: command not found
Volume: 1.00
/media/terakek/repos/bash/volumechange.sh: line 9: currentVol: command not found
Volume: 1.00
/media/terakek/repos/bash/volumechange.sh: line 9: currentVol: command not found
/media/terakek/repos/bash/volumechange.sh: line 20: currentVol: command not found
/media/terakek/repos/bash/volumechange.sh: line 20: currentVol: command not found
/media/terakek/repos/bash/volumechange.sh: line 20: currentVol: command not found
/media/terakek/repos/bash/volumechange.sh: line 20: currentVol: command not found
/media/terakek/repos/bash/volumechange.sh: line 20: currentVol: command not found
/media/terakek/repos/bash/volumechange.sh: line 20: currentVol: command not found
/media/terakek/repos/bash/volumechange.sh: line 20: currentVol: command not found
/media/terakek/repos/bash/volumechange.sh: line 15: currentVol: command not found
/media/terakek/repos/bash/volumechange.sh: line 15: currentVol: command not found
/media/terakek/repos/bash/volumechange.sh: line 15: currentVol: command not found
/media/terakek/repos/bash/volumechange.sh: line 15: currentVol: command not found
/media/terakek/repos/bash/volumechange.sh: line 15: currentVol: command not found
/media/terakek/repos/bash/volumechange.sh: line 15: currentVol: command not found
Volume: 1.00
/media/terakek/repos/bash/volumechange.sh: line 9: currentVol: command not found
536870916
mic monitoring turned on
mic monitoring turned off
536870916
mic monitoring turned on
mic monitoring turned off
536870916
mic monitoring turned on
cmus-remote: cmus is not running
cmus-remote: cmus is not running
